<?xml version="1.0" encoding="UTF-8"?>
<!-- Generated by org.testng.reporters.JUnitReportReporter -->
<testsuite hostname="DESKTOP-OJ0M5PP" name="com.training.sanity.tests.LoginTests" tests="1" failures="0" timestamp="1 Apr 2020 11:40:04 GMT" time="17.390" errors="0">
  <testcase name="valiteLogin" time="17.390" classname="com.training.sanity.tests.LoginTests"/>
</testsuite> <!-- com.training.sanity.tests.LoginTests -->
