<?xml version="1.0" encoding="UTF-8"?>
<!-- Generated by org.testng.reporters.JUnitReportReporter -->
<testsuite hostname="DESKTOP-OJ0M5PP" name="com.training.sanity.tests.Assignment2" tests="1" failures="0" timestamp="14 Apr 2020 14:13:29 GMT" time="26.204" errors="0">
  <testcase name="addProduct" time="26.204" classname="com.training.sanity.tests.Assignment2"/>
</testsuite> <!-- com.training.sanity.tests.Assignment2 -->
