<?xml version="1.0" encoding="UTF-8"?>
<!-- Generated by org.testng.reporters.JUnitReportReporter -->
<testsuite hostname="DESKTOP-OJ0M5PP" name="com.training.sanity.tests.DashboardTests" tests="3" failures="0" timestamp="4 Apr 2020 13:50:11 GMT" time="69.012" errors="0">
  <testcase name="editOrderHistory" time="22.282" classname="com.training.sanity.tests.DashboardTests"/>
  <testcase name="editReturnOrder" time="25.048" classname="com.training.sanity.tests.DashboardTests"/>
  <testcase name="viewOrderHistory" time="21.682" classname="com.training.sanity.tests.DashboardTests"/>
</testsuite> <!-- com.training.sanity.tests.DashboardTests -->
